{"C:\\Users\\Leonel_Torrealba\\github\\menu-hover\\src\\index.js": {"path":"C:\\Users\\Leonel_Torrealba\\github\\menu-hover\\src\\index.js","statementMap":{"0":{"start":{"line":19,"column":21},"end":{"line":19,"column":31}},"1":{"start":{"line":20,"column":4},"end":{"line":20,"column":73}}},"fnMap":{"0":{"name":"(anonymous_0)","decl":{"start":{"line":18,"column":2},"end":{"line":18,"column":3}},"loc":{"start":{"line":18,"column":11},"end":{"line":21,"column":3}},"line":18}},"branchMap":{},"s":{"0":0,"1":0},"f":{"0":0},"b":{},"_coverageSchema":"332fd63041d2c1bcb487cc26dd0d5f7d97098a6c","hash":"f65fb149529346f8a6d646130b05512aa1cd7ca1"}
,"C:\\Users\\Leonel_Torrealba\\github\\menu-hover\\src\\setupTests.js": {"path":"C:\\Users\\Leonel_Torrealba\\github\\menu-hover\\src\\setupTests.js","statementMap":{"0":{"start":{"line":4,"column":0},"end":{"line":4,"column":38}}},"fnMap":{},"branchMap":{},"s":{"0":2},"f":{},"b":{},"_coverageSchema":"332fd63041d2c1bcb487cc26dd0d5f7d97098a6c","hash":"ed7c684bb608b8de954fff33cb3b7617480d031b"}
,"C:\\Users\\Leonel_Torrealba\\github\\menu-hover\\src\\adsila\\adsila.js": {"path":"C:\\Users\\Leonel_Torrealba\\github\\menu-hover\\src\\adsila\\adsila.js","statementMap":{"0":{"start":{"line":19,"column":65},"end":{"line":19,"column":75}},"1":{"start":{"line":20,"column":4},"end":{"line":35,"column":6}}},"fnMap":{"0":{"name":"(anonymous_0)","decl":{"start":{"line":18,"column":2},"end":{"line":18,"column":3}},"loc":{"start":{"line":18,"column":11},"end":{"line":36,"column":3}},"line":18}},"branchMap":{},"s":{"0":0,"1":0},"f":{"0":0},"b":{},"_coverageSchema":"332fd63041d2c1bcb487cc26dd0d5f7d97098a6c","hash":"a8277aa44aa6f8e661b738413ce0c2b9a90d42bf"}
,"C:\\Users\\Leonel_Torrealba\\github\\menu-hover\\src\\common\\Text.js": {"path":"C:\\Users\\Leonel_Torrealba\\github\\menu-hover\\src\\common\\Text.js","statementMap":{"0":{"start":{"line":13,"column":62},"end":{"line":13,"column":72}},"1":{"start":{"line":14,"column":4},"end":{"line":23,"column":6}}},"fnMap":{"0":{"name":"(anonymous_0)","decl":{"start":{"line":12,"column":2},"end":{"line":12,"column":3}},"loc":{"start":{"line":12,"column":11},"end":{"line":24,"column":3}},"line":12}},"branchMap":{},"s":{"0":2,"1":2},"f":{"0":2},"b":{},"_coverageSchema":"332fd63041d2c1bcb487cc26dd0d5f7d97098a6c","hash":"afbcc0c5c68aea0d0cb6d88f0b93c97d4a02688b"}
,"C:\\Users\\Leonel_Torrealba\\github\\menu-hover\\src\\mohe\\mohe.js": {"path":"C:\\Users\\Leonel_Torrealba\\github\\menu-hover\\src\\mohe\\mohe.js","statementMap":{"0":{"start":{"line":23,"column":4},"end":{"line":23,"column":17}},"1":{"start":{"line":24,"column":4},"end":{"line":24,"column":38}},"2":{"start":{"line":25,"column":4},"end":{"line":25,"column":45}},"3":{"start":{"line":26,"column":4},"end":{"line":26,"column":41}},"4":{"start":{"line":30,"column":4},"end":{"line":30,"column":16}},"5":{"start":{"line":34,"column":4},"end":{"line":34,"column":16}},"6":{"start":{"line":38,"column":4},"end":{"line":38,"column":36}},"7":{"start":{"line":39,"column":4},"end":{"line":41,"column":6}},"8":{"start":{"line":45,"column":4},"end":{"line":75,"column":7}},"9":{"start":{"line":46,"column":6},"end":{"line":46,"column":27}},"10":{"start":{"line":47,"column":6},"end":{"line":47,"column":77}},"11":{"start":{"line":48,"column":6},"end":{"line":48,"column":41}},"12":{"start":{"line":49,"column":6},"end":{"line":74,"column":9}},"13":{"start":{"line":53,"column":25},"end":{"line":53,"column":60}},"14":{"start":{"line":55,"column":27},"end":{"line":55,"column":75}},"15":{"start":{"line":56,"column":21},"end":{"line":56,"column":55}},"16":{"start":{"line":57,"column":21},"end":{"line":57,"column":55}},"17":{"start":{"line":59,"column":31},"end":{"line":59,"column":56}},"18":{"start":{"line":60,"column":21},"end":{"line":60,"column":63}},"19":{"start":{"line":61,"column":21},"end":{"line":61,"column":63}},"20":{"start":{"line":63,"column":23},"end":{"line":63,"column":77}},"21":{"start":{"line":64,"column":26},"end":{"line":66,"column":11}},"22":{"start":{"line":67,"column":24},"end":{"line":67,"column":44}},"23":{"start":{"line":69,"column":10},"end":{"line":69,"column":40}},"24":{"start":{"line":71,"column":30},"end":{"line":71,"column":56}},"25":{"start":{"line":72,"column":27},"end":{"line":72,"column":53}},"26":{"start":{"line":73,"column":27},"end":{"line":73,"column":30}},"27":{"start":{"line":79,"column":4},"end":{"line":79,"column":36}},"28":{"start":{"line":80,"column":4},"end":{"line":80,"column":31}},"29":{"start":{"line":80,"column":24},"end":{"line":80,"column":31}},"30":{"start":{"line":81,"column":4},"end":{"line":81,"column":26}},"31":{"start":{"line":82,"column":4},"end":{"line":82,"column":61}},"32":{"start":{"line":83,"column":4},"end":{"line":83,"column":39}},"33":{"start":{"line":84,"column":4},"end":{"line":93,"column":7}},"34":{"start":{"line":97,"column":47},"end":{"line":97,"column":57}},"35":{"start":{"line":98,"column":4},"end":{"line":121,"column":6}}},"fnMap":{"0":{"name":"(anonymous_0)","decl":{"start":{"line":22,"column":2},"end":{"line":22,"column":3}},"loc":{"start":{"line":22,"column":21},"end":{"line":27,"column":3}},"line":22},"1":{"name":"(anonymous_1)","decl":{"start":{"line":29,"column":2},"end":{"line":29,"column":3}},"loc":{"start":{"line":29,"column":22},"end":{"line":31,"column":3}},"line":29},"2":{"name":"(anonymous_2)","decl":{"start":{"line":33,"column":2},"end":{"line":33,"column":3}},"loc":{"start":{"line":33,"column":43},"end":{"line":35,"column":3}},"line":33},"3":{"name":"(anonymous_3)","decl":{"start":{"line":37,"column":2},"end":{"line":37,"column":3}},"loc":{"start":{"line":37,"column":9},"end":{"line":42,"column":3}},"line":37},"4":{"name":"(anonymous_4)","decl":{"start":{"line":44,"column":2},"end":{"line":44,"column":3}},"loc":{"start":{"line":44,"column":15},"end":{"line":76,"column":3}},"line":44},"5":{"name":"(anonymous_5)","decl":{"start":{"line":45,"column":35},"end":{"line":45,"column":36}},"loc":{"start":{"line":45,"column":41},"end":{"line":75,"column":5}},"line":45},"6":{"name":"(anonymous_6)","decl":{"start":{"line":53,"column":15},"end":{"line":53,"column":16}},"loc":{"start":{"line":53,"column":25},"end":{"line":53,"column":60}},"line":53},"7":{"name":"(anonymous_7)","decl":{"start":{"line":54,"column":20},"end":{"line":54,"column":21}},"loc":{"start":{"line":54,"column":30},"end":{"line":70,"column":9}},"line":54},"8":{"name":"(anonymous_8)","decl":{"start":{"line":71,"column":20},"end":{"line":71,"column":21}},"loc":{"start":{"line":71,"column":30},"end":{"line":71,"column":56}},"line":71},"9":{"name":"(anonymous_9)","decl":{"start":{"line":72,"column":17},"end":{"line":72,"column":18}},"loc":{"start":{"line":72,"column":27},"end":{"line":72,"column":53}},"line":72},"10":{"name":"(anonymous_10)","decl":{"start":{"line":73,"column":17},"end":{"line":73,"column":18}},"loc":{"start":{"line":73,"column":27},"end":{"line":73,"column":30}},"line":73},"11":{"name":"(anonymous_11)","decl":{"start":{"line":78,"column":2},"end":{"line":78,"column":3}},"loc":{"start":{"line":78,"column":15},"end":{"line":94,"column":3}},"line":78},"12":{"name":"(anonymous_12)","decl":{"start":{"line":96,"column":2},"end":{"line":96,"column":3}},"loc":{"start":{"line":96,"column":11},"end":{"line":122,"column":3}},"line":96}},"branchMap":{"0":{"loc":{"start":{"line":53,"column":29},"end":{"line":53,"column":59}},"type":"cond-expr","locations":[{"start":{"line":53,"column":50},"end":{"line":53,"column":53}},{"start":{"line":53,"column":56},"end":{"line":53,"column":59}}],"line":53},"1":{"loc":{"start":{"line":67,"column":24},"end":{"line":67,"column":44}},"type":"cond-expr","locations":[{"start":{"line":67,"column":34},"end":{"line":67,"column":38}},{"start":{"line":67,"column":41},"end":{"line":67,"column":44}}],"line":67},"2":{"loc":{"start":{"line":80,"column":4},"end":{"line":80,"column":31}},"type":"if","locations":[{"start":{"line":80,"column":4},"end":{"line":80,"column":31}},{"start":{"line":80,"column":4},"end":{"line":80,"column":31}}],"line":80}},"s":{"0":0,"1":0,"2":0,"3":0,"4":0,"5":0,"6":0,"7":0,"8":0,"9":0,"10":0,"11":0,"12":0,"13":0,"14":0,"15":0,"16":0,"17":0,"18":0,"19":0,"20":0,"21":0,"22":0,"23":0,"24":0,"25":0,"26":0,"27":0,"28":0,"29":0,"30":0,"31":0,"32":0,"33":0,"34":0,"35":0},"f":{"0":0,"1":0,"2":0,"3":0,"4":0,"5":0,"6":0,"7":0,"8":0,"9":0,"10":0,"11":0,"12":0},"b":{"0":[0,0],"1":[0,0],"2":[0,0]},"_coverageSchema":"332fd63041d2c1bcb487cc26dd0d5f7d97098a6c","hash":"1d2e9f5a5c828279b585cb6b52feeba81628b7fb"}
}
